[01-Oct-2025 12:43:56 UTC] Cron reschedule event error for hook: jetpack_sync_full_cron, Error code: invalid_schedule, Error message: Event schedule does not exist., Data: {"schedule":"jetpack_sync_interval","args":[],"interval":300}
[01-Oct-2025 12:43:56 UTC] Cron reschedule event error for hook: jetpack_sync_full_cron, Error code: invalid_schedule, Error message: Event schedule does not exist., Data: {"schedule":"jetpack_sync_interval","args":[],"interval":300}
[01-Oct-2025 12:43:56 UTC] Cron reschedule event error for hook: jetpack_sync_cron, Error code: invalid_schedule, Error message: Event schedule does not exist., Data: {"schedule":"jetpack_sync_interval","args":[],"interval":300}
[01-Oct-2025 12:51:02 UTC] PHP Warning:  Invalid argument supplied for foreach() in /Users/quicktweet/Local Sites/mamareefr/app/public/wp-content/themes/meathouse/inc/elementor_widget/elementor_plugin.php on line 253
[01-Oct-2025 12:51:02 UTC] PHP Warning:  Invalid argument supplied for foreach() in /Users/quicktweet/Local Sites/mamareefr/app/public/wp-content/themes/meathouse/inc/elementor_widget/elementor_plugin.php on line 253
[01-Oct-2025 12:51:02 UTC] PHP Warning:  Invalid argument supplied for foreach() in /Users/quicktweet/Local Sites/mamareefr/app/public/wp-content/themes/meathouse/inc/elementor_widget/elementor_plugin.php on line 253
[01-Oct-2025 12:51:02 UTC] PHP Warning:  Invalid argument supplied for foreach() in /Users/quicktweet/Local Sites/mamareefr/app/public/wp-content/themes/meathouse/inc/elementor_widget/elementor_plugin.php on line 253
[01-Oct-2025 12:51:02 UTC] PHP Warning:  Invalid argument supplied for foreach() in /Users/quicktweet/Local Sites/mamareefr/app/public/wp-content/themes/meathouse/inc/elementor_widget/elementor_plugin.php on line 253
[01-Oct-2025 12:51:02 UTC] PHP Warning:  Invalid argument supplied for foreach() in /Users/quicktweet/Local Sites/mamareefr/app/public/wp-content/themes/meathouse/inc/elementor_widget/elementor_plugin.php on line 253
[01-Oct-2025 12:51:02 UTC] PHP Warning:  Invalid argument supplied for foreach() in /Users/quicktweet/Local Sites/mamareefr/app/public/wp-content/themes/meathouse/inc/elementor_widget/elementor_plugin.php on line 253
[01-Oct-2025 12:51:02 UTC] PHP Warning:  Invalid argument supplied for foreach() in /Users/quicktweet/Local Sites/mamareefr/app/public/wp-content/themes/meathouse/inc/elementor_widget/elementor_plugin.php on line 253
[01-Oct-2025 12:51:02 UTC] PHP Warning:  Invalid argument supplied for foreach() in /Users/quicktweet/Local Sites/mamareefr/app/public/wp-content/themes/meathouse/inc/elementor_widget/elementor_plugin.php on line 253
[01-Oct-2025 12:51:02 UTC] PHP Warning:  Invalid argument supplied for foreach() in /Users/quicktweet/Local Sites/mamareefr/app/public/wp-content/themes/meathouse/inc/elementor_widget/elementor_plugin.php on line 253
[01-Oct-2025 12:51:03 UTC] PHP Warning:  Invalid argument supplied for foreach() in /Users/quicktweet/Local Sites/mamareefr/app/public/wp-content/themes/meathouse/inc/elementor_widget/elementor_plugin.php on line 253
[01-Oct-2025 12:51:03 UTC] PHP Warning:  Invalid argument supplied for foreach() in /Users/quicktweet/Local Sites/mamareefr/app/public/wp-content/themes/meathouse/inc/elementor_widget/elementor_plugin.php on line 253
[01-Oct-2025 12:51:03 UTC] PHP Warning:  Invalid argument supplied for foreach() in /Users/quicktweet/Local Sites/mamareefr/app/public/wp-content/themes/meathouse/inc/elementor_widget/elementor_plugin.php on line 253
[01-Oct-2025 12:51:03 UTC] PHP Warning:  Invalid argument supplied for foreach() in /Users/quicktweet/Local Sites/mamareefr/app/public/wp-content/themes/meathouse/inc/elementor_widget/elementor_plugin.php on line 253
[01-Oct-2025 12:52:47 UTC] PHP Warning:  Invalid argument supplied for foreach() in /Users/quicktweet/Local Sites/mamareefr/app/public/wp-content/themes/meathouse/inc/elementor_widget/elementor_plugin.php on line 253
[01-Oct-2025 12:52:53 UTC] PHP Warning:  Invalid argument supplied for foreach() in /Users/quicktweet/Local Sites/mamareefr/app/public/wp-content/themes/meathouse/inc/elementor_widget/elementor_plugin.php on line 253
[01-Oct-2025 12:52:53 UTC] PHP Warning:  Invalid argument supplied for foreach() in /Users/quicktweet/Local Sites/mamareefr/app/public/wp-content/themes/meathouse/inc/elementor_widget/elementor_plugin.php on line 253
[01-Oct-2025 12:52:53 UTC] PHP Warning:  Invalid argument supplied for foreach() in /Users/quicktweet/Local Sites/mamareefr/app/public/wp-content/themes/meathouse/inc/elementor_widget/elementor_plugin.php on line 253
[01-Oct-2025 12:52:53 UTC] PHP Warning:  Invalid argument supplied for foreach() in /Users/quicktweet/Local Sites/mamareefr/app/public/wp-content/themes/meathouse/inc/elementor_widget/elementor_plugin.php on line 253
[01-Oct-2025 12:52:53 UTC] PHP Warning:  Invalid argument supplied for foreach() in /Users/quicktweet/Local Sites/mamareefr/app/public/wp-content/themes/meathouse/inc/elementor_widget/elementor_plugin.php on line 253
[01-Oct-2025 12:52:53 UTC] PHP Warning:  Invalid argument supplied for foreach() in /Users/quicktweet/Local Sites/mamareefr/app/public/wp-content/themes/meathouse/inc/elementor_widget/elementor_plugin.php on line 253
[01-Oct-2025 12:52:53 UTC] PHP Warning:  Invalid argument supplied for foreach() in /Users/quicktweet/Local Sites/mamareefr/app/public/wp-content/themes/meathouse/inc/elementor_widget/elementor_plugin.php on line 253
[01-Oct-2025 12:52:53 UTC] PHP Warning:  Invalid argument supplied for foreach() in /Users/quicktweet/Local Sites/mamareefr/app/public/wp-content/themes/meathouse/inc/elementor_widget/elementor_plugin.php on line 253
[01-Oct-2025 12:52:53 UTC] PHP Warning:  Invalid argument supplied for foreach() in /Users/quicktweet/Local Sites/mamareefr/app/public/wp-content/themes/meathouse/inc/elementor_widget/elementor_plugin.php on line 253
[01-Oct-2025 12:52:53 UTC] PHP Warning:  Invalid argument supplied for foreach() in /Users/quicktweet/Local Sites/mamareefr/app/public/wp-content/themes/meathouse/inc/elementor_widget/elementor_plugin.php on line 253
[01-Oct-2025 12:52:53 UTC] PHP Warning:  Invalid argument supplied for foreach() in /Users/quicktweet/Local Sites/mamareefr/app/public/wp-content/themes/meathouse/inc/elementor_widget/elementor_plugin.php on line 253
[01-Oct-2025 12:52:53 UTC] PHP Warning:  Invalid argument supplied for foreach() in /Users/quicktweet/Local Sites/mamareefr/app/public/wp-content/themes/meathouse/inc/elementor_widget/elementor_plugin.php on line 253
[01-Oct-2025 12:52:53 UTC] PHP Warning:  Invalid argument supplied for foreach() in /Users/quicktweet/Local Sites/mamareefr/app/public/wp-content/themes/meathouse/inc/elementor_widget/elementor_plugin.php on line 253
[01-Oct-2025 12:52:53 UTC] PHP Warning:  Invalid argument supplied for foreach() in /Users/quicktweet/Local Sites/mamareefr/app/public/wp-content/themes/meathouse/inc/elementor_widget/elementor_plugin.php on line 253
[01-Oct-2025 14:15:55 UTC] PHP Warning:  Invalid argument supplied for foreach() in /Users/quicktweet/Local Sites/mamareefr/app/public/wp-content/themes/meathouse/inc/elementor_widget/elementor_plugin.php on line 253
[01-Oct-2025 14:15:55 UTC] PHP Warning:  Invalid argument supplied for foreach() in /Users/quicktweet/Local Sites/mamareefr/app/public/wp-content/themes/meathouse/inc/elementor_widget/elementor_plugin.php on line 253
[01-Oct-2025 14:15:55 UTC] PHP Warning:  Invalid argument supplied for foreach() in /Users/quicktweet/Local Sites/mamareefr/app/public/wp-content/themes/meathouse/inc/elementor_widget/elementor_plugin.php on line 253
[01-Oct-2025 14:15:55 UTC] PHP Warning:  Invalid argument supplied for foreach() in /Users/quicktweet/Local Sites/mamareefr/app/public/wp-content/themes/meathouse/inc/elementor_widget/elementor_plugin.php on line 253
[01-Oct-2025 14:15:55 UTC] PHP Warning:  Invalid argument supplied for foreach() in /Users/quicktweet/Local Sites/mamareefr/app/public/wp-content/themes/meathouse/inc/elementor_widget/elementor_plugin.php on line 253
[01-Oct-2025 14:15:55 UTC] PHP Warning:  Invalid argument supplied for foreach() in /Users/quicktweet/Local Sites/mamareefr/app/public/wp-content/themes/meathouse/inc/elementor_widget/elementor_plugin.php on line 253
[01-Oct-2025 14:15:55 UTC] PHP Warning:  Invalid argument supplied for foreach() in /Users/quicktweet/Local Sites/mamareefr/app/public/wp-content/themes/meathouse/inc/elementor_widget/elementor_plugin.php on line 253
[01-Oct-2025 14:15:55 UTC] PHP Warning:  Invalid argument supplied for foreach() in /Users/quicktweet/Local Sites/mamareefr/app/public/wp-content/themes/meathouse/inc/elementor_widget/elementor_plugin.php on line 253
[01-Oct-2025 14:15:55 UTC] PHP Warning:  Invalid argument supplied for foreach() in /Users/quicktweet/Local Sites/mamareefr/app/public/wp-content/themes/meathouse/inc/elementor_widget/elementor_plugin.php on line 253
[01-Oct-2025 14:15:55 UTC] PHP Warning:  Invalid argument supplied for foreach() in /Users/quicktweet/Local Sites/mamareefr/app/public/wp-content/themes/meathouse/inc/elementor_widget/elementor_plugin.php on line 253
[01-Oct-2025 14:15:55 UTC] PHP Warning:  Invalid argument supplied for foreach() in /Users/quicktweet/Local Sites/mamareefr/app/public/wp-content/themes/meathouse/inc/elementor_widget/elementor_plugin.php on line 253
[01-Oct-2025 14:15:55 UTC] PHP Warning:  Invalid argument supplied for foreach() in /Users/quicktweet/Local Sites/mamareefr/app/public/wp-content/themes/meathouse/inc/elementor_widget/elementor_plugin.php on line 253
[01-Oct-2025 14:15:55 UTC] PHP Warning:  Invalid argument supplied for foreach() in /Users/quicktweet/Local Sites/mamareefr/app/public/wp-content/themes/meathouse/inc/elementor_widget/elementor_plugin.php on line 253
[01-Oct-2025 14:16:55 UTC] PHP Warning:  Invalid argument supplied for foreach() in /Users/quicktweet/Local Sites/mamareefr/app/public/wp-content/themes/meathouse/inc/elementor_widget/elementor_plugin.php on line 253
[01-Oct-2025 14:16:55 UTC] PHP Warning:  Invalid argument supplied for foreach() in /Users/quicktweet/Local Sites/mamareefr/app/public/wp-content/themes/meathouse/inc/elementor_widget/elementor_plugin.php on line 253
[01-Oct-2025 14:16:55 UTC] PHP Warning:  Invalid argument supplied for foreach() in /Users/quicktweet/Local Sites/mamareefr/app/public/wp-content/themes/meathouse/inc/elementor_widget/elementor_plugin.php on line 253
[01-Oct-2025 14:16:55 UTC] PHP Warning:  Invalid argument supplied for foreach() in /Users/quicktweet/Local Sites/mamareefr/app/public/wp-content/themes/meathouse/inc/elementor_widget/elementor_plugin.php on line 253
[01-Oct-2025 14:16:55 UTC] PHP Warning:  Invalid argument supplied for foreach() in /Users/quicktweet/Local Sites/mamareefr/app/public/wp-content/themes/meathouse/inc/elementor_widget/elementor_plugin.php on line 253
[01-Oct-2025 14:16:55 UTC] PHP Warning:  Invalid argument supplied for foreach() in /Users/quicktweet/Local Sites/mamareefr/app/public/wp-content/themes/meathouse/inc/elementor_widget/elementor_plugin.php on line 253
[01-Oct-2025 14:16:55 UTC] PHP Warning:  Invalid argument supplied for foreach() in /Users/quicktweet/Local Sites/mamareefr/app/public/wp-content/themes/meathouse/inc/elementor_widget/elementor_plugin.php on line 253
[01-Oct-2025 14:16:55 UTC] PHP Warning:  Invalid argument supplied for foreach() in /Users/quicktweet/Local Sites/mamareefr/app/public/wp-content/themes/meathouse/inc/elementor_widget/elementor_plugin.php on line 253
[01-Oct-2025 14:16:55 UTC] PHP Warning:  Invalid argument supplied for foreach() in /Users/quicktweet/Local Sites/mamareefr/app/public/wp-content/themes/meathouse/inc/elementor_widget/elementor_plugin.php on line 253
[01-Oct-2025 14:16:55 UTC] PHP Warning:  Invalid argument supplied for foreach() in /Users/quicktweet/Local Sites/mamareefr/app/public/wp-content/themes/meathouse/inc/elementor_widget/elementor_plugin.php on line 253
[01-Oct-2025 14:16:55 UTC] PHP Warning:  Invalid argument supplied for foreach() in /Users/quicktweet/Local Sites/mamareefr/app/public/wp-content/themes/meathouse/inc/elementor_widget/elementor_plugin.php on line 253
[01-Oct-2025 14:16:55 UTC] PHP Warning:  Invalid argument supplied for foreach() in /Users/quicktweet/Local Sites/mamareefr/app/public/wp-content/themes/meathouse/inc/elementor_widget/elementor_plugin.php on line 253
[01-Oct-2025 14:16:55 UTC] PHP Warning:  Invalid argument supplied for foreach() in /Users/quicktweet/Local Sites/mamareefr/app/public/wp-content/themes/meathouse/inc/elementor_widget/elementor_plugin.php on line 253
[01-Oct-2025 14:23:20 UTC] PHP Warning:  Invalid argument supplied for foreach() in /Users/quicktweet/Local Sites/mamareefr/app/public/wp-content/themes/meathouse/inc/elementor_widget/elementor_plugin.php on line 253
[01-Oct-2025 14:23:20 UTC] PHP Warning:  Invalid argument supplied for foreach() in /Users/quicktweet/Local Sites/mamareefr/app/public/wp-content/themes/meathouse/inc/elementor_widget/elementor_plugin.php on line 253
[01-Oct-2025 14:23:20 UTC] PHP Warning:  Invalid argument supplied for foreach() in /Users/quicktweet/Local Sites/mamareefr/app/public/wp-content/themes/meathouse/inc/elementor_widget/elementor_plugin.php on line 253
[01-Oct-2025 14:23:20 UTC] PHP Warning:  Invalid argument supplied for foreach() in /Users/quicktweet/Local Sites/mamareefr/app/public/wp-content/themes/meathouse/inc/elementor_widget/elementor_plugin.php on line 253
[01-Oct-2025 14:23:20 UTC] PHP Warning:  Invalid argument supplied for foreach() in /Users/quicktweet/Local Sites/mamareefr/app/public/wp-content/themes/meathouse/inc/elementor_widget/elementor_plugin.php on line 253
[01-Oct-2025 14:23:20 UTC] PHP Warning:  Invalid argument supplied for foreach() in /Users/quicktweet/Local Sites/mamareefr/app/public/wp-content/themes/meathouse/inc/elementor_widget/elementor_plugin.php on line 253
[01-Oct-2025 14:23:20 UTC] PHP Warning:  Invalid argument supplied for foreach() in /Users/quicktweet/Local Sites/mamareefr/app/public/wp-content/themes/meathouse/inc/elementor_widget/elementor_plugin.php on line 253
[01-Oct-2025 14:23:20 UTC] PHP Warning:  Invalid argument supplied for foreach() in /Users/quicktweet/Local Sites/mamareefr/app/public/wp-content/themes/meathouse/inc/elementor_widget/elementor_plugin.php on line 253
[01-Oct-2025 14:23:20 UTC] PHP Warning:  Invalid argument supplied for foreach() in /Users/quicktweet/Local Sites/mamareefr/app/public/wp-content/themes/meathouse/inc/elementor_widget/elementor_plugin.php on line 253
[01-Oct-2025 14:23:20 UTC] PHP Warning:  Invalid argument supplied for foreach() in /Users/quicktweet/Local Sites/mamareefr/app/public/wp-content/themes/meathouse/inc/elementor_widget/elementor_plugin.php on line 253
[01-Oct-2025 14:23:20 UTC] PHP Warning:  Invalid argument supplied for foreach() in /Users/quicktweet/Local Sites/mamareefr/app/public/wp-content/themes/meathouse/inc/elementor_widget/elementor_plugin.php on line 253
[01-Oct-2025 14:23:20 UTC] PHP Warning:  Invalid argument supplied for foreach() in /Users/quicktweet/Local Sites/mamareefr/app/public/wp-content/themes/meathouse/inc/elementor_widget/elementor_plugin.php on line 253
[01-Oct-2025 14:23:20 UTC] PHP Warning:  Invalid argument supplied for foreach() in /Users/quicktweet/Local Sites/mamareefr/app/public/wp-content/themes/meathouse/inc/elementor_widget/elementor_plugin.php on line 253
[01-Oct-2025 14:37:09 UTC] PHP Warning:  Invalid argument supplied for foreach() in /Users/quicktweet/Local Sites/mamareefr/app/public/wp-content/themes/meathouse/inc/elementor_widget/elementor_plugin.php on line 253
[01-Oct-2025 14:37:09 UTC] PHP Warning:  Invalid argument supplied for foreach() in /Users/quicktweet/Local Sites/mamareefr/app/public/wp-content/themes/meathouse/inc/elementor_widget/elementor_plugin.php on line 253
[01-Oct-2025 14:37:09 UTC] PHP Warning:  Invalid argument supplied for foreach() in /Users/quicktweet/Local Sites/mamareefr/app/public/wp-content/themes/meathouse/inc/elementor_widget/elementor_plugin.php on line 253
[01-Oct-2025 14:37:09 UTC] PHP Warning:  Invalid argument supplied for foreach() in /Users/quicktweet/Local Sites/mamareefr/app/public/wp-content/themes/meathouse/inc/elementor_widget/elementor_plugin.php on line 253
[01-Oct-2025 14:37:09 UTC] PHP Warning:  Invalid argument supplied for foreach() in /Users/quicktweet/Local Sites/mamareefr/app/public/wp-content/themes/meathouse/inc/elementor_widget/elementor_plugin.php on line 253
[01-Oct-2025 14:37:09 UTC] PHP Warning:  Invalid argument supplied for foreach() in /Users/quicktweet/Local Sites/mamareefr/app/public/wp-content/themes/meathouse/inc/elementor_widget/elementor_plugin.php on line 253
[01-Oct-2025 14:37:09 UTC] PHP Warning:  Invalid argument supplied for foreach() in /Users/quicktweet/Local Sites/mamareefr/app/public/wp-content/themes/meathouse/inc/elementor_widget/elementor_plugin.php on line 253
[01-Oct-2025 14:37:09 UTC] PHP Warning:  Invalid argument supplied for foreach() in /Users/quicktweet/Local Sites/mamareefr/app/public/wp-content/themes/meathouse/inc/elementor_widget/elementor_plugin.php on line 253
[01-Oct-2025 14:37:09 UTC] PHP Warning:  Invalid argument supplied for foreach() in /Users/quicktweet/Local Sites/mamareefr/app/public/wp-content/themes/meathouse/inc/elementor_widget/elementor_plugin.php on line 253
[01-Oct-2025 14:37:09 UTC] PHP Warning:  Invalid argument supplied for foreach() in /Users/quicktweet/Local Sites/mamareefr/app/public/wp-content/themes/meathouse/inc/elementor_widget/elementor_plugin.php on line 253
[01-Oct-2025 14:37:09 UTC] PHP Warning:  Invalid argument supplied for foreach() in /Users/quicktweet/Local Sites/mamareefr/app/public/wp-content/themes/meathouse/inc/elementor_widget/elementor_plugin.php on line 253
[01-Oct-2025 14:37:09 UTC] PHP Warning:  Invalid argument supplied for foreach() in /Users/quicktweet/Local Sites/mamareefr/app/public/wp-content/themes/meathouse/inc/elementor_widget/elementor_plugin.php on line 253
[01-Oct-2025 15:15:05 UTC] PHP Fatal error:  Uncaught WpOrg\Requests\Exception\Http\Status403: 403 Forbidden in /Users/quicktweet/Local Sites/mamareefr/app/public/wp-content/plugins/elementor/modules/cloud-library/module.php:190
Stack trace:
#0 /Users/quicktweet/Local Sites/mamareefr/app/public/wp-content/plugins/elementor/modules/cloud-library/module.php(53): Elementor\Modules\CloudLibrary\Module->is_screenshot_proxy_mode(Array)
#1 /Users/quicktweet/Local Sites/mamareefr/app/public/wp-content/plugins/elementor/core/base/module.php(86): Elementor\Modules\CloudLibrary\Module->__construct()
#2 /Users/quicktweet/Local Sites/mamareefr/app/public/wp-content/plugins/elementor/core/modules-manager.php(64): Elementor\Core\Base\Module::instance()
#3 /Users/quicktweet/Local Sites/mamareefr/app/public/wp-content/plugins/elementor/includes/plugin.php(709): Elementor\Core\Modules_Manager->__construct()
#4 /Users/quicktweet/Local Sites/mamareefr/app/public/wp-content/plugins/elementor/includes/plugin.php(627): Elementor\Plugin->init_components()
#5 /Users/quicktweet/ in /Users/quicktweet/Local Sites/mamareefr/app/public/wp-content/plugins/elementor/modules/cloud-library/module.php on line 190
[01-Oct-2025 15:15:05 UTC] PHP Fatal error:  Uncaught WpOrg\Requests\Exception\Http\Status403: 403 Forbidden in /Users/quicktweet/Local Sites/mamareefr/app/public/wp-content/plugins/elementor/modules/cloud-library/module.php:190
Stack trace:
#0 /Users/quicktweet/Local Sites/mamareefr/app/public/wp-content/plugins/elementor/modules/cloud-library/module.php(53): Elementor\Modules\CloudLibrary\Module->is_screenshot_proxy_mode(Array)
#1 /Users/quicktweet/Local Sites/mamareefr/app/public/wp-content/plugins/elementor/core/base/module.php(86): Elementor\Modules\CloudLibrary\Module->__construct()
#2 /Users/quicktweet/Local Sites/mamareefr/app/public/wp-content/plugins/elementor/core/modules-manager.php(64): Elementor\Core\Base\Module::instance()
#3 /Users/quicktweet/Local Sites/mamareefr/app/public/wp-content/plugins/elementor/includes/plugin.php(709): Elementor\Core\Modules_Manager->__construct()
#4 /Users/quicktweet/Local Sites/mamareefr/app/public/wp-content/plugins/elementor/includes/plugin.php(627): Elementor\Plugin->init_components()
#5 /Users/quicktweet/ in /Users/quicktweet/Local Sites/mamareefr/app/public/wp-content/plugins/elementor/modules/cloud-library/module.php on line 190
[01-Oct-2025 15:15:06 UTC] PHP Fatal error:  Uncaught WpOrg\Requests\Exception\Http\Status403: 403 Forbidden in /Users/quicktweet/Local Sites/mamareefr/app/public/wp-content/plugins/elementor/modules/cloud-library/module.php:190
Stack trace:
#0 /Users/quicktweet/Local Sites/mamareefr/app/public/wp-content/plugins/elementor/modules/cloud-library/module.php(53): Elementor\Modules\CloudLibrary\Module->is_screenshot_proxy_mode(Array)
#1 /Users/quicktweet/Local Sites/mamareefr/app/public/wp-content/plugins/elementor/core/base/module.php(86): Elementor\Modules\CloudLibrary\Module->__construct()
#2 /Users/quicktweet/Local Sites/mamareefr/app/public/wp-content/plugins/elementor/core/modules-manager.php(64): Elementor\Core\Base\Module::instance()
#3 /Users/quicktweet/Local Sites/mamareefr/app/public/wp-content/plugins/elementor/includes/plugin.php(709): Elementor\Core\Modules_Manager->__construct()
#4 /Users/quicktweet/Local Sites/mamareefr/app/public/wp-content/plugins/elementor/includes/plugin.php(627): Elementor\Plugin->init_components()
#5 /Users/quicktweet/ in /Users/quicktweet/Local Sites/mamareefr/app/public/wp-content/plugins/elementor/modules/cloud-library/module.php on line 190
[01-Oct-2025 15:36:21 UTC] PHP Warning:  Invalid argument supplied for foreach() in /Users/quicktweet/Local Sites/mamareefr/app/public/wp-content/themes/meathouse/inc/elementor_widget/elementor_plugin.php on line 253
[01-Oct-2025 15:36:21 UTC] PHP Warning:  Invalid argument supplied for foreach() in /Users/quicktweet/Local Sites/mamareefr/app/public/wp-content/themes/meathouse/inc/elementor_widget/elementor_plugin.php on line 253
[01-Oct-2025 15:36:21 UTC] PHP Warning:  Invalid argument supplied for foreach() in /Users/quicktweet/Local Sites/mamareefr/app/public/wp-content/themes/meathouse/inc/elementor_widget/elementor_plugin.php on line 253
[01-Oct-2025 15:36:21 UTC] PHP Warning:  Invalid argument supplied for foreach() in /Users/quicktweet/Local Sites/mamareefr/app/public/wp-content/themes/meathouse/inc/elementor_widget/elementor_plugin.php on line 253
[01-Oct-2025 15:36:21 UTC] PHP Warning:  Invalid argument supplied for foreach() in /Users/quicktweet/Local Sites/mamareefr/app/public/wp-content/themes/meathouse/inc/elementor_widget/elementor_plugin.php on line 253
[01-Oct-2025 15:36:21 UTC] PHP Warning:  Invalid argument supplied for foreach() in /Users/quicktweet/Local Sites/mamareefr/app/public/wp-content/themes/meathouse/inc/elementor_widget/elementor_plugin.php on line 253
[01-Oct-2025 15:36:21 UTC] PHP Warning:  Invalid argument supplied for foreach() in /Users/quicktweet/Local Sites/mamareefr/app/public/wp-content/themes/meathouse/inc/elementor_widget/elementor_plugin.php on line 253
[01-Oct-2025 15:36:21 UTC] PHP Warning:  Invalid argument supplied for foreach() in /Users/quicktweet/Local Sites/mamareefr/app/public/wp-content/themes/meathouse/inc/elementor_widget/elementor_plugin.php on line 253
[01-Oct-2025 15:36:21 UTC] PHP Warning:  Invalid argument supplied for foreach() in /Users/quicktweet/Local Sites/mamareefr/app/public/wp-content/themes/meathouse/inc/elementor_widget/elementor_plugin.php on line 253
[01-Oct-2025 15:36:21 UTC] PHP Warning:  Invalid argument supplied for foreach() in /Users/quicktweet/Local Sites/mamareefr/app/public/wp-content/themes/meathouse/inc/elementor_widget/elementor_plugin.php on line 253
[01-Oct-2025 15:36:21 UTC] PHP Warning:  Invalid argument supplied for foreach() in /Users/quicktweet/Local Sites/mamareefr/app/public/wp-content/themes/meathouse/inc/elementor_widget/elementor_plugin.php on line 253
[01-Oct-2025 15:36:21 UTC] PHP Warning:  Invalid argument supplied for foreach() in /Users/quicktweet/Local Sites/mamareefr/app/public/wp-content/themes/meathouse/inc/elementor_widget/elementor_plugin.php on line 253
[01-Oct-2025 15:36:21 UTC] PHP Warning:  Invalid argument supplied for foreach() in /Users/quicktweet/Local Sites/mamareefr/app/public/wp-content/themes/meathouse/inc/elementor_widget/elementor_plugin.php on line 253
[02-Oct-2025 11:32:12 UTC] PHP Warning:  Invalid argument supplied for foreach() in /Users/quicktweet/Local Sites/mamareefr/app/public/wp-content/themes/meathouse/inc/elementor_widget/elementor_plugin.php on line 253
[02-Oct-2025 11:32:12 UTC] PHP Warning:  Invalid argument supplied for foreach() in /Users/quicktweet/Local Sites/mamareefr/app/public/wp-content/themes/meathouse/inc/elementor_widget/elementor_plugin.php on line 253
[02-Oct-2025 11:32:13 UTC] PHP Warning:  Invalid argument supplied for foreach() in /Users/quicktweet/Local Sites/mamareefr/app/public/wp-content/themes/meathouse/inc/elementor_widget/elementor_plugin.php on line 253
[02-Oct-2025 11:32:13 UTC] PHP Warning:  Invalid argument supplied for foreach() in /Users/quicktweet/Local Sites/mamareefr/app/public/wp-content/themes/meathouse/inc/elementor_widget/elementor_plugin.php on line 253
[02-Oct-2025 11:32:13 UTC] PHP Warning:  Invalid argument supplied for foreach() in /Users/quicktweet/Local Sites/mamareefr/app/public/wp-content/themes/meathouse/inc/elementor_widget/elementor_plugin.php on line 253
[02-Oct-2025 11:32:13 UTC] PHP Warning:  Invalid argument supplied for foreach() in /Users/quicktweet/Local Sites/mamareefr/app/public/wp-content/themes/meathouse/inc/elementor_widget/elementor_plugin.php on line 253
[02-Oct-2025 11:32:13 UTC] PHP Warning:  Invalid argument supplied for foreach() in /Users/quicktweet/Local Sites/mamareefr/app/public/wp-content/themes/meathouse/inc/elementor_widget/elementor_plugin.php on line 253
[02-Oct-2025 11:32:13 UTC] PHP Warning:  Invalid argument supplied for foreach() in /Users/quicktweet/Local Sites/mamareefr/app/public/wp-content/themes/meathouse/inc/elementor_widget/elementor_plugin.php on line 253
[02-Oct-2025 11:32:13 UTC] PHP Warning:  Invalid argument supplied for foreach() in /Users/quicktweet/Local Sites/mamareefr/app/public/wp-content/themes/meathouse/inc/elementor_widget/elementor_plugin.php on line 253
[02-Oct-2025 11:32:13 UTC] PHP Warning:  Invalid argument supplied for foreach() in /Users/quicktweet/Local Sites/mamareefr/app/public/wp-content/themes/meathouse/inc/elementor_widget/elementor_plugin.php on line 253
[02-Oct-2025 11:32:13 UTC] PHP Warning:  Invalid argument supplied for foreach() in /Users/quicktweet/Local Sites/mamareefr/app/public/wp-content/themes/meathouse/inc/elementor_widget/elementor_plugin.php on line 253
[02-Oct-2025 11:32:13 UTC] PHP Warning:  Invalid argument supplied for foreach() in /Users/quicktweet/Local Sites/mamareefr/app/public/wp-content/themes/meathouse/inc/elementor_widget/elementor_plugin.php on line 253
[02-Oct-2025 11:32:59 UTC] PHP Warning:  Invalid argument supplied for foreach() in /Users/quicktweet/Local Sites/mamareefr/app/public/wp-content/themes/meathouse/inc/elementor_widget/elementor_plugin.php on line 253
[02-Oct-2025 11:32:59 UTC] PHP Warning:  Invalid argument supplied for foreach() in /Users/quicktweet/Local Sites/mamareefr/app/public/wp-content/themes/meathouse/inc/elementor_widget/elementor_plugin.php on line 253
[02-Oct-2025 11:32:59 UTC] PHP Warning:  Invalid argument supplied for foreach() in /Users/quicktweet/Local Sites/mamareefr/app/public/wp-content/themes/meathouse/inc/elementor_widget/elementor_plugin.php on line 253
[02-Oct-2025 11:32:59 UTC] PHP Warning:  Invalid argument supplied for foreach() in /Users/quicktweet/Local Sites/mamareefr/app/public/wp-content/themes/meathouse/inc/elementor_widget/elementor_plugin.php on line 253
[02-Oct-2025 11:32:59 UTC] PHP Warning:  Invalid argument supplied for foreach() in /Users/quicktweet/Local Sites/mamareefr/app/public/wp-content/themes/meathouse/inc/elementor_widget/elementor_plugin.php on line 253
[02-Oct-2025 11:32:59 UTC] PHP Warning:  Invalid argument supplied for foreach() in /Users/quicktweet/Local Sites/mamareefr/app/public/wp-content/themes/meathouse/inc/elementor_widget/elementor_plugin.php on line 253
[02-Oct-2025 11:32:59 UTC] PHP Warning:  Invalid argument supplied for foreach() in /Users/quicktweet/Local Sites/mamareefr/app/public/wp-content/themes/meathouse/inc/elementor_widget/elementor_plugin.php on line 253
[02-Oct-2025 11:32:59 UTC] PHP Warning:  Invalid argument supplied for foreach() in /Users/quicktweet/Local Sites/mamareefr/app/public/wp-content/themes/meathouse/inc/elementor_widget/elementor_plugin.php on line 253
[02-Oct-2025 11:32:59 UTC] PHP Warning:  Invalid argument supplied for foreach() in /Users/quicktweet/Local Sites/mamareefr/app/public/wp-content/themes/meathouse/inc/elementor_widget/elementor_plugin.php on line 253
[02-Oct-2025 11:32:59 UTC] PHP Warning:  Invalid argument supplied for foreach() in /Users/quicktweet/Local Sites/mamareefr/app/public/wp-content/themes/meathouse/inc/elementor_widget/elementor_plugin.php on line 253
[02-Oct-2025 11:32:59 UTC] PHP Warning:  Invalid argument supplied for foreach() in /Users/quicktweet/Local Sites/mamareefr/app/public/wp-content/themes/meathouse/inc/elementor_widget/elementor_plugin.php on line 253
[02-Oct-2025 11:32:59 UTC] PHP Warning:  Invalid argument supplied for foreach() in /Users/quicktweet/Local Sites/mamareefr/app/public/wp-content/themes/meathouse/inc/elementor_widget/elementor_plugin.php on line 253
[02-Oct-2025 12:21:28 UTC] PHP Warning:  Invalid argument supplied for foreach() in /Users/quicktweet/Local Sites/mamareefr/app/public/wp-content/themes/meathouse/inc/elementor_widget/elementor_plugin.php on line 253
[02-Oct-2025 12:21:28 UTC] PHP Warning:  Invalid argument supplied for foreach() in /Users/quicktweet/Local Sites/mamareefr/app/public/wp-content/themes/meathouse/inc/elementor_widget/elementor_plugin.php on line 253
[02-Oct-2025 12:21:28 UTC] PHP Warning:  Invalid argument supplied for foreach() in /Users/quicktweet/Local Sites/mamareefr/app/public/wp-content/themes/meathouse/inc/elementor_widget/elementor_plugin.php on line 253
[02-Oct-2025 12:21:28 UTC] PHP Warning:  Invalid argument supplied for foreach() in /Users/quicktweet/Local Sites/mamareefr/app/public/wp-content/themes/meathouse/inc/elementor_widget/elementor_plugin.php on line 253
[02-Oct-2025 12:21:28 UTC] PHP Warning:  Invalid argument supplied for foreach() in /Users/quicktweet/Local Sites/mamareefr/app/public/wp-content/themes/meathouse/inc/elementor_widget/elementor_plugin.php on line 253
[02-Oct-2025 12:21:28 UTC] PHP Warning:  Invalid argument supplied for foreach() in /Users/quicktweet/Local Sites/mamareefr/app/public/wp-content/themes/meathouse/inc/elementor_widget/elementor_plugin.php on line 253
[02-Oct-2025 12:21:28 UTC] PHP Warning:  Invalid argument supplied for foreach() in /Users/quicktweet/Local Sites/mamareefr/app/public/wp-content/themes/meathouse/inc/elementor_widget/elementor_plugin.php on line 253
[02-Oct-2025 12:21:28 UTC] PHP Warning:  Invalid argument supplied for foreach() in /Users/quicktweet/Local Sites/mamareefr/app/public/wp-content/themes/meathouse/inc/elementor_widget/elementor_plugin.php on line 253
[02-Oct-2025 12:21:28 UTC] PHP Warning:  Invalid argument supplied for foreach() in /Users/quicktweet/Local Sites/mamareefr/app/public/wp-content/themes/meathouse/inc/elementor_widget/elementor_plugin.php on line 253
[02-Oct-2025 12:21:28 UTC] PHP Warning:  Invalid argument supplied for foreach() in /Users/quicktweet/Local Sites/mamareefr/app/public/wp-content/themes/meathouse/inc/elementor_widget/elementor_plugin.php on line 253
[02-Oct-2025 12:21:28 UTC] PHP Warning:  Invalid argument supplied for foreach() in /Users/quicktweet/Local Sites/mamareefr/app/public/wp-content/themes/meathouse/inc/elementor_widget/elementor_plugin.php on line 253
[02-Oct-2025 12:21:28 UTC] PHP Warning:  Invalid argument supplied for foreach() in /Users/quicktweet/Local Sites/mamareefr/app/public/wp-content/themes/meathouse/inc/elementor_widget/elementor_plugin.php on line 253
[02-Oct-2025 12:21:28 UTC] PHP Warning:  Invalid argument supplied for foreach() in /Users/quicktweet/Local Sites/mamareefr/app/public/wp-content/themes/meathouse/inc/elementor_widget/elementor_plugin.php on line 253
[02-Oct-2025 12:38:06 UTC] PHP Warning:  Invalid argument supplied for foreach() in /Users/quicktweet/Local Sites/mamareefr/app/public/wp-content/themes/meathouse/inc/elementor_widget/elementor_plugin.php on line 253
[02-Oct-2025 12:38:06 UTC] PHP Warning:  Invalid argument supplied for foreach() in /Users/quicktweet/Local Sites/mamareefr/app/public/wp-content/themes/meathouse/inc/elementor_widget/elementor_plugin.php on line 253
[02-Oct-2025 12:38:06 UTC] PHP Warning:  Invalid argument supplied for foreach() in /Users/quicktweet/Local Sites/mamareefr/app/public/wp-content/themes/meathouse/inc/elementor_widget/elementor_plugin.php on line 253
[02-Oct-2025 12:38:06 UTC] PHP Warning:  Invalid argument supplied for foreach() in /Users/quicktweet/Local Sites/mamareefr/app/public/wp-content/themes/meathouse/inc/elementor_widget/elementor_plugin.php on line 253
[02-Oct-2025 12:38:06 UTC] PHP Warning:  Invalid argument supplied for foreach() in /Users/quicktweet/Local Sites/mamareefr/app/public/wp-content/themes/meathouse/inc/elementor_widget/elementor_plugin.php on line 253
[02-Oct-2025 12:38:06 UTC] PHP Warning:  Invalid argument supplied for foreach() in /Users/quicktweet/Local Sites/mamareefr/app/public/wp-content/themes/meathouse/inc/elementor_widget/elementor_plugin.php on line 253
[02-Oct-2025 12:38:06 UTC] PHP Warning:  Invalid argument supplied for foreach() in /Users/quicktweet/Local Sites/mamareefr/app/public/wp-content/themes/meathouse/inc/elementor_widget/elementor_plugin.php on line 253
[02-Oct-2025 12:38:06 UTC] PHP Warning:  Invalid argument supplied for foreach() in /Users/quicktweet/Local Sites/mamareefr/app/public/wp-content/themes/meathouse/inc/elementor_widget/elementor_plugin.php on line 253
[02-Oct-2025 12:38:06 UTC] PHP Warning:  Invalid argument supplied for foreach() in /Users/quicktweet/Local Sites/mamareefr/app/public/wp-content/themes/meathouse/inc/elementor_widget/elementor_plugin.php on line 253
[02-Oct-2025 12:38:06 UTC] PHP Warning:  Invalid argument supplied for foreach() in /Users/quicktweet/Local Sites/mamareefr/app/public/wp-content/themes/meathouse/inc/elementor_widget/elementor_plugin.php on line 253
[02-Oct-2025 12:38:06 UTC] PHP Warning:  Invalid argument supplied for foreach() in /Users/quicktweet/Local Sites/mamareefr/app/public/wp-content/themes/meathouse/inc/elementor_widget/elementor_plugin.php on line 253
[02-Oct-2025 12:38:06 UTC] PHP Warning:  Invalid argument supplied for foreach() in /Users/quicktweet/Local Sites/mamareefr/app/public/wp-content/themes/meathouse/inc/elementor_widget/elementor_plugin.php on line 253
[02-Oct-2025 12:43:48 UTC] PHP Warning:  Invalid argument supplied for foreach() in /Users/quicktweet/Local Sites/mamareefr/app/public/wp-content/themes/meathouse/inc/elementor_widget/elementor_plugin.php on line 253
[02-Oct-2025 12:43:48 UTC] PHP Warning:  Invalid argument supplied for foreach() in /Users/quicktweet/Local Sites/mamareefr/app/public/wp-content/themes/meathouse/inc/elementor_widget/elementor_plugin.php on line 253
[02-Oct-2025 12:43:48 UTC] PHP Warning:  Invalid argument supplied for foreach() in /Users/quicktweet/Local Sites/mamareefr/app/public/wp-content/themes/meathouse/inc/elementor_widget/elementor_plugin.php on line 253
[02-Oct-2025 12:43:48 UTC] PHP Warning:  Invalid argument supplied for foreach() in /Users/quicktweet/Local Sites/mamareefr/app/public/wp-content/themes/meathouse/inc/elementor_widget/elementor_plugin.php on line 253
[02-Oct-2025 12:43:48 UTC] PHP Warning:  Invalid argument supplied for foreach() in /Users/quicktweet/Local Sites/mamareefr/app/public/wp-content/themes/meathouse/inc/elementor_widget/elementor_plugin.php on line 253
[02-Oct-2025 12:43:48 UTC] PHP Warning:  Invalid argument supplied for foreach() in /Users/quicktweet/Local Sites/mamareefr/app/public/wp-content/themes/meathouse/inc/elementor_widget/elementor_plugin.php on line 253
[02-Oct-2025 12:43:49 UTC] PHP Warning:  Invalid argument supplied for foreach() in /Users/quicktweet/Local Sites/mamareefr/app/public/wp-content/themes/meathouse/inc/elementor_widget/elementor_plugin.php on line 253
[02-Oct-2025 12:43:49 UTC] PHP Warning:  Invalid argument supplied for foreach() in /Users/quicktweet/Local Sites/mamareefr/app/public/wp-content/themes/meathouse/inc/elementor_widget/elementor_plugin.php on line 253
[02-Oct-2025 12:43:49 UTC] PHP Warning:  Invalid argument supplied for foreach() in /Users/quicktweet/Local Sites/mamareefr/app/public/wp-content/themes/meathouse/inc/elementor_widget/elementor_plugin.php on line 253
[02-Oct-2025 12:43:49 UTC] PHP Warning:  Invalid argument supplied for foreach() in /Users/quicktweet/Local Sites/mamareefr/app/public/wp-content/themes/meathouse/inc/elementor_widget/elementor_plugin.php on line 253
[02-Oct-2025 12:43:49 UTC] PHP Warning:  Invalid argument supplied for foreach() in /Users/quicktweet/Local Sites/mamareefr/app/public/wp-content/themes/meathouse/inc/elementor_widget/elementor_plugin.php on line 253
[02-Oct-2025 12:43:49 UTC] PHP Warning:  Invalid argument supplied for foreach() in /Users/quicktweet/Local Sites/mamareefr/app/public/wp-content/themes/meathouse/inc/elementor_widget/elementor_plugin.php on line 253
